<?xml version="1.0" encoding="UTF-8"?>
<!-- Generated by org.testng.reporters.JUnitReportReporter -->
<testsuite hostname="LAPTOP-0IU7JRPI" name="Entrada.MobileApp.TC1" tests="1" failures="0" timestamp="1 Jun 2019 12:55:34 GMT" time="59.850" errors="0">
  <testcase name="LoginApp" time="59.850" classname="Entrada.MobileApp.TC1"/>
</testsuite> <!-- Entrada.MobileApp.TC1 -->
